2016-10-13 23:20:44,710 [Worker-0] INFO  c.g.t.t.d.PublishedGradleVersions - Gradle version information cache is out-of-date. Trying to update.
2016-10-13 23:21:16,732 [Worker-3] INFO  o.e.m.c.i.l.LifecycleMappingFactory - Using org.eclipse.m2e.jdt.JarLifecycleMapping lifecycle mapping for MavenProject: org.bitcoinj:bitcoinj-core:0.15-SNAPSHOT @ /Users/Ibrahim/bitcoinj-master/core/pom.xml.
2016-10-13 23:21:16,981 [Worker-3] INFO  o.e.m.c.i.l.LifecycleMappingFactory - Using org.eclipse.m2e.jdt.JarLifecycleMapping lifecycle mapping for MavenProject: org.bitcoinj:bitcoinj-examples:0.15-SNAPSHOT @ /Users/Ibrahim/bitcoinj-master/examples/pom.xml.
2016-10-13 23:21:17,062 [Worker-3] INFO  o.e.m.c.i.l.LifecycleMappingFactory - Using org.eclipse.m2e.jdt.JarLifecycleMapping lifecycle mapping for MavenProject: org.bitcoinj:bitcoinj-tools:0.15-SNAPSHOT @ /Users/Ibrahim/bitcoinj-master/tools/pom.xml.
2016-10-13 23:21:17,124 [Worker-3] INFO  o.e.m.c.i.l.LifecycleMappingFactory - Using org.eclipse.m2e.jdt.JarLifecycleMapping lifecycle mapping for MavenProject: org.bitcoinj:wallettemplate:0.15-SNAPSHOT @ /Users/Ibrahim/bitcoinj-master/wallettemplate/pom.xml.
2016-10-13 23:21:23,159 [Worker-3] INFO  o.e.m.j.i.AbstractJavaProjectConfigurator - Adding source folder /core/src/main/java
2016-10-13 23:21:23,160 [Worker-3] INFO  o.e.m.j.i.AbstractJavaProjectConfigurator - Adding resource folder /core/src/main/resources
2016-10-13 23:21:23,168 [Worker-3] INFO  o.e.m.j.i.AbstractJavaProjectConfigurator - Adding source folder /core/src/test/java
2016-10-13 23:21:23,168 [Worker-3] INFO  o.e.m.j.i.AbstractJavaProjectConfigurator - Adding resource folder /core/src/test/resources
2016-10-13 23:21:25,676 [Worker-3] INFO  o.e.m.j.i.AbstractJavaProjectConfigurator - Adding source folder /tools/src/main/java
2016-10-13 23:21:25,676 [Worker-3] INFO  o.e.m.j.i.AbstractJavaProjectConfigurator - Adding resource folder /tools/src/main/resources
2016-10-13 23:21:25,679 [Worker-3] INFO  o.e.m.j.i.AbstractJavaProjectConfigurator - Adding source folder /tools/src/test/java
2016-10-13 23:21:26,033 [Worker-3] INFO  o.e.m.j.i.AbstractJavaProjectConfigurator - Adding source folder /wallettemplate/src/main/java
2016-10-13 23:21:26,033 [Worker-3] INFO  o.e.m.j.i.AbstractJavaProjectConfigurator - Adding resource folder /wallettemplate/src/main/resources
2016-10-13 23:21:26,037 [Worker-3] INFO  o.e.m.j.i.AbstractJavaProjectConfigurator - Adding source folder /wallettemplate/src/test/java
2016-10-13 23:21:26,234 [Worker-3] INFO  o.e.m.j.i.AbstractJavaProjectConfigurator - Adding source folder /examples/src/main/java
2016-10-13 23:21:26,234 [Worker-3] INFO  o.e.m.j.i.AbstractJavaProjectConfigurator - Adding source folder /examples/src/test/java
2016-10-13 23:21:26,558 [Worker-3] INFO  o.e.m.c.i.p.ProjectConfigurationManager - Imported and configured 4 project(s) in 13 sec
2016-10-13 23:21:34,343 [Worker-6] INFO  o.e.m.c.i.embedder.EclipseLogger - Using 'UTF-8' encoding to copy filtered resources.
2016-10-13 23:21:34,353 [Worker-6] INFO  o.e.m.c.i.embedder.EclipseLogger - Copying 4 resources
2016-10-13 23:21:34,381 [Worker-6] INFO  o.e.m.c.i.embedder.EclipseLogger - Using 'UTF-8' encoding to copy filtered resources.
2016-10-13 23:21:34,382 [Worker-6] INFO  o.e.m.c.i.embedder.EclipseLogger - Copying 27 resources
2016-10-13 23:21:34,683 [Worker-6] INFO  o.e.m.c.i.embedder.EclipseLogger - Using 'UTF-8' encoding to copy filtered resources.
2016-10-13 23:21:34,683 [Worker-6] INFO  o.e.m.c.i.embedder.EclipseLogger - skip non existing resourceDirectory /Users/Ibrahim/bitcoinj-master/examples/src/main/resources
2016-10-13 23:21:34,685 [Worker-6] INFO  o.e.m.c.i.embedder.EclipseLogger - Using 'UTF-8' encoding to copy filtered resources.
2016-10-13 23:21:34,685 [Worker-6] INFO  o.e.m.c.i.embedder.EclipseLogger - skip non existing resourceDirectory /Users/Ibrahim/bitcoinj-master/examples/src/test/resources
2016-10-13 23:21:35,035 [Worker-6] INFO  o.e.m.c.i.embedder.EclipseLogger - Using 'UTF-8' encoding to copy filtered resources.
2016-10-13 23:21:35,035 [Worker-6] INFO  o.e.m.c.i.embedder.EclipseLogger - Copying 2 resources
2016-10-13 23:21:35,038 [Worker-6] INFO  o.e.m.c.i.embedder.EclipseLogger - Using 'UTF-8' encoding to copy filtered resources.
2016-10-13 23:21:35,039 [Worker-6] INFO  o.e.m.c.i.embedder.EclipseLogger - skip non existing resourceDirectory /Users/Ibrahim/bitcoinj-master/tools/src/test/resources
2016-10-13 23:21:35,732 [Worker-6] INFO  o.e.m.c.i.embedder.EclipseLogger - Using 'UTF-8' encoding to copy filtered resources.
2016-10-13 23:21:35,733 [Worker-6] INFO  o.e.m.c.i.embedder.EclipseLogger - Copying 11 resources
2016-10-13 23:21:35,796 [Worker-6] INFO  o.e.m.c.i.embedder.EclipseLogger - Using 'UTF-8' encoding to copy filtered resources.
2016-10-13 23:21:35,797 [Worker-6] INFO  o.e.m.c.i.embedder.EclipseLogger - skip non existing resourceDirectory /Users/Ibrahim/bitcoinj-master/wallettemplate/src/test/resources
2016-10-13 23:26:54,544 [Worker-11] INFO  o.e.m.c.i.embedder.EclipseLogger - Using 'UTF-8' encoding to copy filtered resources.
2016-10-13 23:26:54,548 [Worker-11] INFO  o.e.m.c.i.embedder.EclipseLogger - Copying 0 resource
2016-10-13 23:26:54,550 [Worker-11] INFO  o.e.m.c.i.embedder.EclipseLogger - Using 'UTF-8' encoding to copy filtered resources.
2016-10-13 23:26:54,551 [Worker-11] INFO  o.e.m.c.i.embedder.EclipseLogger - Copying 0 resource
2016-10-13 23:26:54,560 [Worker-11] INFO  o.e.m.c.i.embedder.EclipseLogger - Using 'UTF-8' encoding to copy filtered resources.
2016-10-13 23:26:54,560 [Worker-11] INFO  o.e.m.c.i.embedder.EclipseLogger - skip non existing resourceDirectory /Users/Ibrahim/bitcoinj-master/examples/src/main/resources
2016-10-13 23:26:54,562 [Worker-11] INFO  o.e.m.c.i.embedder.EclipseLogger - Using 'UTF-8' encoding to copy filtered resources.
2016-10-13 23:26:54,562 [Worker-11] INFO  o.e.m.c.i.embedder.EclipseLogger - skip non existing resourceDirectory /Users/Ibrahim/bitcoinj-master/examples/src/test/resources
2016-10-13 23:26:54,570 [Worker-11] INFO  o.e.m.c.i.embedder.EclipseLogger - Using 'UTF-8' encoding to copy filtered resources.
2016-10-13 23:26:54,570 [Worker-11] INFO  o.e.m.c.i.embedder.EclipseLogger - Copying 0 resource
2016-10-13 23:26:54,572 [Worker-11] INFO  o.e.m.c.i.embedder.EclipseLogger - Using 'UTF-8' encoding to copy filtered resources.
2016-10-13 23:26:54,572 [Worker-11] INFO  o.e.m.c.i.embedder.EclipseLogger - skip non existing resourceDirectory /Users/Ibrahim/bitcoinj-master/tools/src/test/resources
2016-10-13 23:26:54,579 [Worker-11] INFO  o.e.m.c.i.embedder.EclipseLogger - Using 'UTF-8' encoding to copy filtered resources.
2016-10-13 23:26:54,580 [Worker-11] INFO  o.e.m.c.i.embedder.EclipseLogger - Copying 0 resource
2016-10-13 23:26:54,585 [Worker-11] INFO  o.e.m.c.i.embedder.EclipseLogger - Using 'UTF-8' encoding to copy filtered resources.
2016-10-13 23:26:54,585 [Worker-11] INFO  o.e.m.c.i.embedder.EclipseLogger - skip non existing resourceDirectory /Users/Ibrahim/bitcoinj-master/wallettemplate/src/test/resources
2016-10-13 23:46:44,077 [Worker-13] INFO  o.e.m.c.i.embedder.EclipseLogger - Using 'UTF-8' encoding to copy filtered resources.
2016-10-13 23:46:44,083 [Worker-13] INFO  o.e.m.c.i.embedder.EclipseLogger - Copying 4 resources
2016-10-13 23:46:44,084 [Worker-13] INFO  o.e.m.c.i.embedder.EclipseLogger - Using 'UTF-8' encoding to copy filtered resources.
2016-10-13 23:46:44,085 [Worker-13] INFO  o.e.m.c.i.embedder.EclipseLogger - Copying 0 resource
2016-10-13 23:52:56,576 [Worker-20] INFO  o.e.m.c.i.embedder.EclipseLogger - Using 'UTF-8' encoding to copy filtered resources.
2016-10-13 23:52:56,578 [Worker-20] INFO  o.e.m.c.i.embedder.EclipseLogger - Copying 4 resources
2016-10-13 23:52:56,579 [Worker-20] INFO  o.e.m.c.i.embedder.EclipseLogger - Using 'UTF-8' encoding to copy filtered resources.
2016-10-13 23:52:56,580 [Worker-20] INFO  o.e.m.c.i.embedder.EclipseLogger - Copying 0 resource
2016-10-13 23:53:08,022 [Worker-17] INFO  o.e.m.c.i.embedder.EclipseLogger - Using 'UTF-8' encoding to copy filtered resources.
2016-10-13 23:53:08,028 [Worker-17] INFO  o.e.m.c.i.embedder.EclipseLogger - Copying 4 resources
2016-10-13 23:53:08,030 [Worker-17] INFO  o.e.m.c.i.embedder.EclipseLogger - Using 'UTF-8' encoding to copy filtered resources.
2016-10-13 23:53:08,031 [Worker-17] INFO  o.e.m.c.i.embedder.EclipseLogger - Copying 0 resource
2016-10-13 23:56:26,647 [Worker-21] INFO  o.e.m.c.i.embedder.EclipseLogger - Using 'UTF-8' encoding to copy filtered resources.
2016-10-13 23:56:26,649 [Worker-21] INFO  o.e.m.c.i.embedder.EclipseLogger - Copying 4 resources
2016-10-13 23:56:26,651 [Worker-21] INFO  o.e.m.c.i.embedder.EclipseLogger - Using 'UTF-8' encoding to copy filtered resources.
2016-10-13 23:56:26,651 [Worker-21] INFO  o.e.m.c.i.embedder.EclipseLogger - Copying 0 resource
2016-10-16 03:13:22,612 [Worker-0] INFO  c.g.t.t.d.PublishedGradleVersions - Gradle version information cache is out-of-date. Trying to update.
2016-10-16 03:13:30,049 [Worker-22] INFO  o.e.m.c.i.l.LifecycleMappingFactory - Using org.eclipse.m2e.jdt.JarLifecycleMapping lifecycle mapping for MavenProject: org.bitcoinj:bitcoinj-core:0.15-SNAPSHOT @ /Users/Ibrahim/bitcoinj-master/core/pom.xml.
2016-10-16 03:13:31,136 [Worker-22] INFO  o.e.m.c.i.embedder.EclipseLogger - Using 'UTF-8' encoding to copy filtered resources.
2016-10-16 03:13:31,144 [Worker-22] INFO  o.e.m.c.i.embedder.EclipseLogger - Copying 4 resources
2016-10-16 03:13:31,184 [Worker-22] INFO  o.e.m.c.i.embedder.EclipseLogger - Using 'UTF-8' encoding to copy filtered resources.
2016-10-16 03:13:31,186 [Worker-22] INFO  o.e.m.c.i.embedder.EclipseLogger - Copying 27 resources
2016-10-16 03:13:31,518 [Worker-22] INFO  o.e.m.c.i.l.LifecycleMappingFactory - Using org.eclipse.m2e.jdt.JarLifecycleMapping lifecycle mapping for MavenProject: org.bitcoinj:bitcoinj-examples:0.15-SNAPSHOT @ /Users/Ibrahim/bitcoinj-master/examples/pom.xml.
2016-10-16 03:13:31,860 [Worker-22] INFO  o.e.m.c.i.embedder.EclipseLogger - Using 'UTF-8' encoding to copy filtered resources.
2016-10-16 03:13:31,861 [Worker-22] INFO  o.e.m.c.i.embedder.EclipseLogger - skip non existing resourceDirectory /Users/Ibrahim/bitcoinj-master/examples/src/main/resources
2016-10-16 03:13:31,863 [Worker-22] INFO  o.e.m.c.i.embedder.EclipseLogger - Using 'UTF-8' encoding to copy filtered resources.
2016-10-16 03:13:31,863 [Worker-22] INFO  o.e.m.c.i.embedder.EclipseLogger - skip non existing resourceDirectory /Users/Ibrahim/bitcoinj-master/examples/src/test/resources
2016-10-16 03:13:32,553 [Worker-22] INFO  o.e.m.c.i.l.LifecycleMappingFactory - Using org.eclipse.m2e.jdt.JarLifecycleMapping lifecycle mapping for MavenProject: org.bitcoinj:bitcoinj-tools:0.15-SNAPSHOT @ /Users/Ibrahim/bitcoinj-master/tools/pom.xml.
2016-10-16 03:13:32,720 [Worker-22] INFO  o.e.m.c.i.embedder.EclipseLogger - Using 'UTF-8' encoding to copy filtered resources.
2016-10-16 03:13:32,721 [Worker-22] INFO  o.e.m.c.i.embedder.EclipseLogger - Copying 2 resources
2016-10-16 03:13:32,726 [Worker-22] INFO  o.e.m.c.i.embedder.EclipseLogger - Using 'UTF-8' encoding to copy filtered resources.
2016-10-16 03:13:32,726 [Worker-22] INFO  o.e.m.c.i.embedder.EclipseLogger - skip non existing resourceDirectory /Users/Ibrahim/bitcoinj-master/tools/src/test/resources
2016-10-16 03:13:33,464 [Worker-22] INFO  o.e.m.c.i.l.LifecycleMappingFactory - Using org.eclipse.m2e.jdt.JarLifecycleMapping lifecycle mapping for MavenProject: org.bitcoinj:wallettemplate:0.15-SNAPSHOT @ /Users/Ibrahim/bitcoinj-master/wallettemplate/pom.xml.
2016-10-16 03:13:33,592 [Worker-22] INFO  o.e.m.c.i.embedder.EclipseLogger - Using 'UTF-8' encoding to copy filtered resources.
2016-10-16 03:13:33,593 [Worker-22] INFO  o.e.m.c.i.embedder.EclipseLogger - Copying 11 resources
2016-10-16 03:13:33,617 [Worker-22] INFO  o.e.m.c.i.embedder.EclipseLogger - Using 'UTF-8' encoding to copy filtered resources.
2016-10-16 03:13:33,617 [Worker-22] INFO  o.e.m.c.i.embedder.EclipseLogger - skip non existing resourceDirectory /Users/Ibrahim/bitcoinj-master/wallettemplate/src/test/resources
2016-10-16 03:13:35,484 [Worker-4] INFO  o.e.m.c.i.l.LifecycleMappingFactory - Using org.eclipse.m2e.jdt.JarLifecycleMapping lifecycle mapping for MavenProject: org.bitcoinj:bitcoinj-core:0.15-SNAPSHOT @ /Users/Ibrahim/bitcoinj-master/core/pom.xml.
2016-10-16 03:13:35,757 [Worker-4] INFO  o.e.m.c.i.l.LifecycleMappingFactory - Using org.eclipse.m2e.jdt.JarLifecycleMapping lifecycle mapping for MavenProject: org.bitcoinj:bitcoinj-examples:0.15-SNAPSHOT @ /Users/Ibrahim/bitcoinj-master/examples/pom.xml.
2016-10-16 03:13:35,845 [Worker-4] INFO  o.e.m.c.i.l.LifecycleMappingFactory - Using org.eclipse.m2e.jdt.JarLifecycleMapping lifecycle mapping for MavenProject: org.bitcoinj:bitcoinj-tools:0.15-SNAPSHOT @ /Users/Ibrahim/bitcoinj-master/tools/pom.xml.
2016-10-16 03:13:35,927 [Worker-4] INFO  o.e.m.c.i.l.LifecycleMappingFactory - Using org.eclipse.m2e.jdt.JarLifecycleMapping lifecycle mapping for MavenProject: org.bitcoinj:wallettemplate:0.15-SNAPSHOT @ /Users/Ibrahim/bitcoinj-master/wallettemplate/pom.xml.
2016-10-16 03:13:37,320 [Worker-22] INFO  o.e.m.c.i.embedder.EclipseLogger - Using 'UTF-8' encoding to copy filtered resources.
2016-10-16 03:13:37,328 [Worker-22] INFO  o.e.m.c.i.embedder.EclipseLogger - Copying 0 resource
2016-10-16 03:13:37,333 [Worker-22] INFO  o.e.m.c.i.embedder.EclipseLogger - Using 'UTF-8' encoding to copy filtered resources.
2016-10-16 03:13:37,334 [Worker-22] INFO  o.e.m.c.i.embedder.EclipseLogger - Copying 0 resource
2016-10-16 03:13:37,437 [Worker-22] INFO  o.e.m.c.i.embedder.EclipseLogger - Using 'UTF-8' encoding to copy filtered resources.
2016-10-16 03:13:37,437 [Worker-22] INFO  o.e.m.c.i.embedder.EclipseLogger - skip non existing resourceDirectory /Users/Ibrahim/bitcoinj-master/examples/src/main/resources
2016-10-16 03:13:37,439 [Worker-22] INFO  o.e.m.c.i.embedder.EclipseLogger - Using 'UTF-8' encoding to copy filtered resources.
2016-10-16 03:13:37,439 [Worker-22] INFO  o.e.m.c.i.embedder.EclipseLogger - skip non existing resourceDirectory /Users/Ibrahim/bitcoinj-master/examples/src/test/resources
2016-10-16 03:13:37,518 [Worker-22] INFO  o.e.m.c.i.embedder.EclipseLogger - Using 'UTF-8' encoding to copy filtered resources.
2016-10-16 03:13:37,519 [Worker-22] INFO  o.e.m.c.i.embedder.EclipseLogger - Copying 0 resource
2016-10-16 03:13:37,521 [Worker-22] INFO  o.e.m.c.i.embedder.EclipseLogger - Using 'UTF-8' encoding to copy filtered resources.
2016-10-16 03:13:37,521 [Worker-22] INFO  o.e.m.c.i.embedder.EclipseLogger - skip non existing resourceDirectory /Users/Ibrahim/bitcoinj-master/tools/src/test/resources
2016-10-16 03:13:37,670 [Worker-22] INFO  o.e.m.c.i.embedder.EclipseLogger - Using 'UTF-8' encoding to copy filtered resources.
2016-10-16 03:13:37,670 [Worker-22] INFO  o.e.m.c.i.embedder.EclipseLogger - Copying 0 resource
2016-10-16 03:13:37,673 [Worker-22] INFO  o.e.m.c.i.embedder.EclipseLogger - Using 'UTF-8' encoding to copy filtered resources.
2016-10-16 03:13:37,674 [Worker-22] INFO  o.e.m.c.i.embedder.EclipseLogger - skip non existing resourceDirectory /Users/Ibrahim/bitcoinj-master/wallettemplate/src/test/resources
2016-10-21 22:52:51,745 [Worker-3] INFO  c.g.t.t.d.PublishedGradleVersions - Gradle version information cache is out-of-date. Trying to update.
2016-10-22 02:42:26,296 [Worker-33] INFO  o.e.m.c.i.embedder.EclipseLogger - Using 'UTF-8' encoding to copy filtered resources.
2016-10-22 02:42:26,297 [Worker-33] INFO  o.e.m.c.i.embedder.EclipseLogger - skip non existing resourceDirectory /Users/Ibrahim/bitcoinj-master/examples/src/main/resources
2016-10-22 02:42:26,301 [Worker-33] INFO  o.e.m.c.i.embedder.EclipseLogger - Using 'UTF-8' encoding to copy filtered resources.
2016-10-22 02:42:26,301 [Worker-33] INFO  o.e.m.c.i.embedder.EclipseLogger - skip non existing resourceDirectory /Users/Ibrahim/bitcoinj-master/examples/src/test/resources
2016-10-22 02:48:11,258 [Worker-36] INFO  o.e.m.c.i.embedder.EclipseLogger - Using 'UTF-8' encoding to copy filtered resources.
2016-10-22 02:48:11,267 [Worker-36] INFO  o.e.m.c.i.embedder.EclipseLogger - Copying 4 resources
2016-10-22 02:48:11,413 [Worker-36] INFO  o.e.m.c.i.embedder.EclipseLogger - Using 'UTF-8' encoding to copy filtered resources.
2016-10-22 02:48:11,420 [Worker-36] INFO  o.e.m.c.i.embedder.EclipseLogger - Copying 27 resources
2016-10-22 02:52:54,425 [Worker-34] INFO  o.e.m.c.i.embedder.EclipseLogger - Using 'UTF-8' encoding to copy filtered resources.
2016-10-22 02:52:54,435 [Worker-34] INFO  o.e.m.c.i.embedder.EclipseLogger - Copying 4 resources
2016-10-22 02:52:54,438 [Worker-34] INFO  o.e.m.c.i.embedder.EclipseLogger - Using 'UTF-8' encoding to copy filtered resources.
2016-10-22 02:52:54,438 [Worker-34] INFO  o.e.m.c.i.embedder.EclipseLogger - Copying 0 resource
2016-10-22 02:57:53,873 [Worker-36] INFO  o.e.m.c.i.embedder.EclipseLogger - Using 'UTF-8' encoding to copy filtered resources.
2016-10-22 02:57:53,875 [Worker-36] INFO  o.e.m.c.i.embedder.EclipseLogger - Copying 4 resources
2016-10-22 02:57:53,877 [Worker-36] INFO  o.e.m.c.i.embedder.EclipseLogger - Using 'UTF-8' encoding to copy filtered resources.
2016-10-22 02:57:53,878 [Worker-36] INFO  o.e.m.c.i.embedder.EclipseLogger - Copying 0 resource
2016-10-22 03:32:49,722 [Worker-50] INFO  o.e.m.c.i.embedder.EclipseLogger - Using 'UTF-8' encoding to copy filtered resources.
2016-10-22 03:32:49,725 [Worker-50] INFO  o.e.m.c.i.embedder.EclipseLogger - Copying 4 resources
2016-10-22 03:32:49,730 [Worker-50] INFO  o.e.m.c.i.embedder.EclipseLogger - Using 'UTF-8' encoding to copy filtered resources.
2016-10-22 03:32:49,730 [Worker-50] INFO  o.e.m.c.i.embedder.EclipseLogger - Copying 0 resource
2016-10-22 03:42:58,940 [Worker-49] INFO  o.e.m.c.i.embedder.EclipseLogger - Using 'UTF-8' encoding to copy filtered resources.
2016-10-22 03:42:58,941 [Worker-49] INFO  o.e.m.c.i.embedder.EclipseLogger - Copying 4 resources
2016-10-22 03:42:58,944 [Worker-49] INFO  o.e.m.c.i.embedder.EclipseLogger - Using 'UTF-8' encoding to copy filtered resources.
2016-10-22 03:42:58,944 [Worker-49] INFO  o.e.m.c.i.embedder.EclipseLogger - Copying 0 resource
2016-10-22 03:47:38,398 [Worker-48] INFO  o.e.m.c.i.embedder.EclipseLogger - Using 'UTF-8' encoding to copy filtered resources.
2016-10-22 03:47:38,399 [Worker-48] INFO  o.e.m.c.i.embedder.EclipseLogger - Copying 4 resources
2016-10-22 03:47:38,402 [Worker-48] INFO  o.e.m.c.i.embedder.EclipseLogger - Using 'UTF-8' encoding to copy filtered resources.
2016-10-22 03:47:38,402 [Worker-48] INFO  o.e.m.c.i.embedder.EclipseLogger - Copying 0 resource
2016-10-22 03:54:05,382 [Worker-59] INFO  o.e.m.c.i.embedder.EclipseLogger - Using 'UTF-8' encoding to copy filtered resources.
2016-10-22 03:54:05,384 [Worker-59] INFO  o.e.m.c.i.embedder.EclipseLogger - Copying 4 resources
2016-10-22 03:54:05,386 [Worker-59] INFO  o.e.m.c.i.embedder.EclipseLogger - Using 'UTF-8' encoding to copy filtered resources.
2016-10-22 03:54:05,386 [Worker-59] INFO  o.e.m.c.i.embedder.EclipseLogger - Copying 0 resource
2016-10-22 03:55:44,456 [Worker-48] INFO  o.e.m.c.i.embedder.EclipseLogger - Using 'UTF-8' encoding to copy filtered resources.
2016-10-22 03:55:44,458 [Worker-48] INFO  o.e.m.c.i.embedder.EclipseLogger - Copying 4 resources
2016-10-22 03:55:44,460 [Worker-48] INFO  o.e.m.c.i.embedder.EclipseLogger - Using 'UTF-8' encoding to copy filtered resources.
2016-10-22 03:55:44,461 [Worker-48] INFO  o.e.m.c.i.embedder.EclipseLogger - Copying 0 resource
2016-10-22 03:56:21,778 [Worker-59] INFO  o.e.m.c.i.embedder.EclipseLogger - Using 'UTF-8' encoding to copy filtered resources.
2016-10-22 03:56:21,779 [Worker-59] INFO  o.e.m.c.i.embedder.EclipseLogger - Copying 4 resources
2016-10-22 03:56:21,781 [Worker-59] INFO  o.e.m.c.i.embedder.EclipseLogger - Using 'UTF-8' encoding to copy filtered resources.
2016-10-22 03:56:21,782 [Worker-59] INFO  o.e.m.c.i.embedder.EclipseLogger - Copying 0 resource
2016-10-22 04:06:05,989 [Worker-59] INFO  o.e.m.c.i.embedder.EclipseLogger - Using 'UTF-8' encoding to copy filtered resources.
2016-10-22 04:06:05,991 [Worker-59] INFO  o.e.m.c.i.embedder.EclipseLogger - Copying 4 resources
2016-10-22 04:06:05,995 [Worker-59] INFO  o.e.m.c.i.embedder.EclipseLogger - Using 'UTF-8' encoding to copy filtered resources.
2016-10-22 04:06:05,996 [Worker-59] INFO  o.e.m.c.i.embedder.EclipseLogger - Copying 0 resource
2016-10-22 04:06:22,066 [Worker-63] INFO  o.e.m.c.i.embedder.EclipseLogger - Using 'UTF-8' encoding to copy filtered resources.
2016-10-22 04:06:22,067 [Worker-63] INFO  o.e.m.c.i.embedder.EclipseLogger - Copying 4 resources
2016-10-22 04:06:22,071 [Worker-63] INFO  o.e.m.c.i.embedder.EclipseLogger - Using 'UTF-8' encoding to copy filtered resources.
2016-10-22 04:06:22,071 [Worker-63] INFO  o.e.m.c.i.embedder.EclipseLogger - Copying 0 resource
2016-10-22 04:07:25,621 [Worker-59] INFO  o.e.m.c.i.embedder.EclipseLogger - Using 'UTF-8' encoding to copy filtered resources.
2016-10-22 04:07:25,622 [Worker-59] INFO  o.e.m.c.i.embedder.EclipseLogger - Copying 4 resources
2016-10-22 04:07:25,625 [Worker-59] INFO  o.e.m.c.i.embedder.EclipseLogger - Using 'UTF-8' encoding to copy filtered resources.
2016-10-22 04:07:25,625 [Worker-59] INFO  o.e.m.c.i.embedder.EclipseLogger - Copying 0 resource
2016-10-22 04:30:50,476 [Worker-65] INFO  o.e.m.c.i.embedder.EclipseLogger - Using 'UTF-8' encoding to copy filtered resources.
2016-10-22 04:30:50,476 [Worker-65] INFO  o.e.m.c.i.embedder.EclipseLogger - skip non existing resourceDirectory /Users/Ibrahim/bitcoinj-master/examples/src/main/resources
2016-10-22 04:30:50,478 [Worker-65] INFO  o.e.m.c.i.embedder.EclipseLogger - Using 'UTF-8' encoding to copy filtered resources.
2016-10-22 04:30:50,479 [Worker-65] INFO  o.e.m.c.i.embedder.EclipseLogger - skip non existing resourceDirectory /Users/Ibrahim/bitcoinj-master/examples/src/test/resources
2016-10-22 04:31:21,733 [Worker-59] INFO  o.e.m.c.i.embedder.EclipseLogger - Using 'UTF-8' encoding to copy filtered resources.
2016-10-22 04:31:21,733 [Worker-59] INFO  o.e.m.c.i.embedder.EclipseLogger - skip non existing resourceDirectory /Users/Ibrahim/bitcoinj-master/examples/src/main/resources
2016-10-22 04:31:21,735 [Worker-59] INFO  o.e.m.c.i.embedder.EclipseLogger - Using 'UTF-8' encoding to copy filtered resources.
2016-10-22 04:31:21,735 [Worker-59] INFO  o.e.m.c.i.embedder.EclipseLogger - skip non existing resourceDirectory /Users/Ibrahim/bitcoinj-master/examples/src/test/resources
2016-10-22 04:31:44,555 [Worker-65] INFO  o.e.m.c.i.embedder.EclipseLogger - Using 'UTF-8' encoding to copy filtered resources.
2016-10-22 04:31:44,555 [Worker-65] INFO  o.e.m.c.i.embedder.EclipseLogger - skip non existing resourceDirectory /Users/Ibrahim/bitcoinj-master/examples/src/main/resources
2016-10-22 04:31:44,558 [Worker-65] INFO  o.e.m.c.i.embedder.EclipseLogger - Using 'UTF-8' encoding to copy filtered resources.
2016-10-22 04:31:44,558 [Worker-65] INFO  o.e.m.c.i.embedder.EclipseLogger - skip non existing resourceDirectory /Users/Ibrahim/bitcoinj-master/examples/src/test/resources
2016-10-22 04:32:07,951 [Worker-59] INFO  o.e.m.c.i.embedder.EclipseLogger - Using 'UTF-8' encoding to copy filtered resources.
2016-10-22 04:32:07,951 [Worker-59] INFO  o.e.m.c.i.embedder.EclipseLogger - skip non existing resourceDirectory /Users/Ibrahim/bitcoinj-master/examples/src/main/resources
2016-10-22 04:32:07,952 [Worker-59] INFO  o.e.m.c.i.embedder.EclipseLogger - Using 'UTF-8' encoding to copy filtered resources.
2016-10-22 04:32:07,953 [Worker-59] INFO  o.e.m.c.i.embedder.EclipseLogger - skip non existing resourceDirectory /Users/Ibrahim/bitcoinj-master/examples/src/test/resources
2016-10-22 04:32:39,381 [Worker-65] INFO  o.e.m.c.i.embedder.EclipseLogger - Using 'UTF-8' encoding to copy filtered resources.
2016-10-22 04:32:39,382 [Worker-65] INFO  o.e.m.c.i.embedder.EclipseLogger - skip non existing resourceDirectory /Users/Ibrahim/bitcoinj-master/examples/src/main/resources
2016-10-22 04:32:39,383 [Worker-65] INFO  o.e.m.c.i.embedder.EclipseLogger - Using 'UTF-8' encoding to copy filtered resources.
2016-10-22 04:32:39,383 [Worker-65] INFO  o.e.m.c.i.embedder.EclipseLogger - skip non existing resourceDirectory /Users/Ibrahim/bitcoinj-master/examples/src/test/resources
2016-10-22 04:35:26,495 [Worker-66] INFO  o.e.m.c.i.embedder.EclipseLogger - Using 'UTF-8' encoding to copy filtered resources.
2016-10-22 04:35:26,495 [Worker-66] INFO  o.e.m.c.i.embedder.EclipseLogger - skip non existing resourceDirectory /Users/Ibrahim/bitcoinj-master/examples/src/main/resources
2016-10-22 04:35:26,497 [Worker-66] INFO  o.e.m.c.i.embedder.EclipseLogger - Using 'UTF-8' encoding to copy filtered resources.
2016-10-22 04:35:26,497 [Worker-66] INFO  o.e.m.c.i.embedder.EclipseLogger - skip non existing resourceDirectory /Users/Ibrahim/bitcoinj-master/examples/src/test/resources
2016-10-22 04:36:08,680 [Worker-66] INFO  o.e.m.c.i.embedder.EclipseLogger - Using 'UTF-8' encoding to copy filtered resources.
2016-10-22 04:36:08,680 [Worker-66] INFO  o.e.m.c.i.embedder.EclipseLogger - skip non existing resourceDirectory /Users/Ibrahim/bitcoinj-master/examples/src/main/resources
2016-10-22 04:36:08,681 [Worker-66] INFO  o.e.m.c.i.embedder.EclipseLogger - Using 'UTF-8' encoding to copy filtered resources.
2016-10-22 04:36:08,681 [Worker-66] INFO  o.e.m.c.i.embedder.EclipseLogger - skip non existing resourceDirectory /Users/Ibrahim/bitcoinj-master/examples/src/test/resources
2016-10-22 04:38:33,510 [Worker-65] INFO  o.e.m.c.i.embedder.EclipseLogger - Using 'UTF-8' encoding to copy filtered resources.
2016-10-22 04:38:33,510 [Worker-65] INFO  o.e.m.c.i.embedder.EclipseLogger - skip non existing resourceDirectory /Users/Ibrahim/bitcoinj-master/examples/src/main/resources
2016-10-22 04:38:33,513 [Worker-65] INFO  o.e.m.c.i.embedder.EclipseLogger - Using 'UTF-8' encoding to copy filtered resources.
2016-10-22 04:38:33,513 [Worker-65] INFO  o.e.m.c.i.embedder.EclipseLogger - skip non existing resourceDirectory /Users/Ibrahim/bitcoinj-master/examples/src/test/resources
2016-10-22 04:43:30,207 [Worker-59] INFO  o.e.m.c.i.embedder.EclipseLogger - Using 'UTF-8' encoding to copy filtered resources.
2016-10-22 04:43:30,207 [Worker-59] INFO  o.e.m.c.i.embedder.EclipseLogger - skip non existing resourceDirectory /Users/Ibrahim/bitcoinj-master/examples/src/main/resources
2016-10-22 04:43:30,209 [Worker-59] INFO  o.e.m.c.i.embedder.EclipseLogger - Using 'UTF-8' encoding to copy filtered resources.
2016-10-22 04:43:30,209 [Worker-59] INFO  o.e.m.c.i.embedder.EclipseLogger - skip non existing resourceDirectory /Users/Ibrahim/bitcoinj-master/examples/src/test/resources
2016-10-22 04:44:17,102 [Worker-65] INFO  o.e.m.c.i.embedder.EclipseLogger - Using 'UTF-8' encoding to copy filtered resources.
2016-10-22 04:44:17,102 [Worker-65] INFO  o.e.m.c.i.embedder.EclipseLogger - skip non existing resourceDirectory /Users/Ibrahim/bitcoinj-master/examples/src/main/resources
2016-10-22 04:44:17,104 [Worker-65] INFO  o.e.m.c.i.embedder.EclipseLogger - Using 'UTF-8' encoding to copy filtered resources.
2016-10-22 04:44:17,105 [Worker-65] INFO  o.e.m.c.i.embedder.EclipseLogger - skip non existing resourceDirectory /Users/Ibrahim/bitcoinj-master/examples/src/test/resources
2016-10-22 04:44:31,939 [Worker-69] INFO  o.e.m.c.i.embedder.EclipseLogger - Using 'UTF-8' encoding to copy filtered resources.
2016-10-22 04:44:31,940 [Worker-69] INFO  o.e.m.c.i.embedder.EclipseLogger - skip non existing resourceDirectory /Users/Ibrahim/bitcoinj-master/examples/src/main/resources
2016-10-22 04:44:31,942 [Worker-69] INFO  o.e.m.c.i.embedder.EclipseLogger - Using 'UTF-8' encoding to copy filtered resources.
2016-10-22 04:44:31,942 [Worker-69] INFO  o.e.m.c.i.embedder.EclipseLogger - skip non existing resourceDirectory /Users/Ibrahim/bitcoinj-master/examples/src/test/resources
2016-10-22 04:45:48,401 [Worker-59] INFO  o.e.m.c.i.embedder.EclipseLogger - Using 'UTF-8' encoding to copy filtered resources.
2016-10-22 04:45:48,402 [Worker-59] INFO  o.e.m.c.i.embedder.EclipseLogger - skip non existing resourceDirectory /Users/Ibrahim/bitcoinj-master/examples/src/main/resources
2016-10-22 04:45:48,403 [Worker-59] INFO  o.e.m.c.i.embedder.EclipseLogger - Using 'UTF-8' encoding to copy filtered resources.
2016-10-22 04:45:48,403 [Worker-59] INFO  o.e.m.c.i.embedder.EclipseLogger - skip non existing resourceDirectory /Users/Ibrahim/bitcoinj-master/examples/src/test/resources
2016-10-22 04:47:37,161 [Worker-65] INFO  o.e.m.c.i.embedder.EclipseLogger - Using 'UTF-8' encoding to copy filtered resources.
2016-10-22 04:47:37,161 [Worker-65] INFO  o.e.m.c.i.embedder.EclipseLogger - skip non existing resourceDirectory /Users/Ibrahim/bitcoinj-master/examples/src/main/resources
2016-10-22 04:47:37,162 [Worker-65] INFO  o.e.m.c.i.embedder.EclipseLogger - Using 'UTF-8' encoding to copy filtered resources.
2016-10-22 04:47:37,163 [Worker-65] INFO  o.e.m.c.i.embedder.EclipseLogger - skip non existing resourceDirectory /Users/Ibrahim/bitcoinj-master/examples/src/test/resources
2016-10-22 04:48:05,124 [Worker-65] INFO  o.e.m.c.i.embedder.EclipseLogger - Using 'UTF-8' encoding to copy filtered resources.
2016-10-22 04:48:05,124 [Worker-65] INFO  o.e.m.c.i.embedder.EclipseLogger - skip non existing resourceDirectory /Users/Ibrahim/bitcoinj-master/examples/src/main/resources
2016-10-22 04:48:05,125 [Worker-65] INFO  o.e.m.c.i.embedder.EclipseLogger - Using 'UTF-8' encoding to copy filtered resources.
2016-10-22 04:48:05,125 [Worker-65] INFO  o.e.m.c.i.embedder.EclipseLogger - skip non existing resourceDirectory /Users/Ibrahim/bitcoinj-master/examples/src/test/resources
2016-10-22 04:49:54,538 [Worker-65] INFO  o.e.m.c.i.embedder.EclipseLogger - Using 'UTF-8' encoding to copy filtered resources.
2016-10-22 04:49:54,538 [Worker-65] INFO  o.e.m.c.i.embedder.EclipseLogger - skip non existing resourceDirectory /Users/Ibrahim/bitcoinj-master/examples/src/main/resources
2016-10-22 04:49:54,540 [Worker-65] INFO  o.e.m.c.i.embedder.EclipseLogger - Using 'UTF-8' encoding to copy filtered resources.
2016-10-22 04:49:54,541 [Worker-65] INFO  o.e.m.c.i.embedder.EclipseLogger - skip non existing resourceDirectory /Users/Ibrahim/bitcoinj-master/examples/src/test/resources
2016-10-22 04:50:31,928 [Worker-65] INFO  o.e.m.c.i.embedder.EclipseLogger - Using 'UTF-8' encoding to copy filtered resources.
2016-10-22 04:50:31,928 [Worker-65] INFO  o.e.m.c.i.embedder.EclipseLogger - skip non existing resourceDirectory /Users/Ibrahim/bitcoinj-master/examples/src/main/resources
2016-10-22 04:50:31,931 [Worker-65] INFO  o.e.m.c.i.embedder.EclipseLogger - Using 'UTF-8' encoding to copy filtered resources.
2016-10-22 04:50:31,932 [Worker-65] INFO  o.e.m.c.i.embedder.EclipseLogger - skip non existing resourceDirectory /Users/Ibrahim/bitcoinj-master/examples/src/test/resources
2016-10-22 04:53:56,794 [Worker-59] INFO  o.e.m.c.i.embedder.EclipseLogger - Using 'UTF-8' encoding to copy filtered resources.
2016-10-22 04:53:56,795 [Worker-59] INFO  o.e.m.c.i.embedder.EclipseLogger - skip non existing resourceDirectory /Users/Ibrahim/bitcoinj-master/examples/src/main/resources
2016-10-22 04:53:56,796 [Worker-59] INFO  o.e.m.c.i.embedder.EclipseLogger - Using 'UTF-8' encoding to copy filtered resources.
2016-10-22 04:53:56,796 [Worker-59] INFO  o.e.m.c.i.embedder.EclipseLogger - skip non existing resourceDirectory /Users/Ibrahim/bitcoinj-master/examples/src/test/resources
2016-10-22 04:54:05,366 [Worker-69] INFO  o.e.m.c.i.embedder.EclipseLogger - Using 'UTF-8' encoding to copy filtered resources.
2016-10-22 04:54:05,367 [Worker-69] INFO  o.e.m.c.i.embedder.EclipseLogger - skip non existing resourceDirectory /Users/Ibrahim/bitcoinj-master/examples/src/main/resources
2016-10-22 04:54:05,368 [Worker-69] INFO  o.e.m.c.i.embedder.EclipseLogger - Using 'UTF-8' encoding to copy filtered resources.
2016-10-22 04:54:05,368 [Worker-69] INFO  o.e.m.c.i.embedder.EclipseLogger - skip non existing resourceDirectory /Users/Ibrahim/bitcoinj-master/examples/src/test/resources
2016-10-22 04:55:06,772 [Worker-71] INFO  o.e.m.c.i.embedder.EclipseLogger - Using 'UTF-8' encoding to copy filtered resources.
2016-10-22 04:55:06,773 [Worker-71] INFO  o.e.m.c.i.embedder.EclipseLogger - skip non existing resourceDirectory /Users/Ibrahim/bitcoinj-master/examples/src/main/resources
2016-10-22 04:55:06,774 [Worker-71] INFO  o.e.m.c.i.embedder.EclipseLogger - Using 'UTF-8' encoding to copy filtered resources.
2016-10-22 04:55:06,774 [Worker-71] INFO  o.e.m.c.i.embedder.EclipseLogger - skip non existing resourceDirectory /Users/Ibrahim/bitcoinj-master/examples/src/test/resources
2016-10-22 05:03:19,696 [Worker-73] INFO  o.e.m.c.i.embedder.EclipseLogger - Using 'UTF-8' encoding to copy filtered resources.
2016-10-22 05:03:19,696 [Worker-73] INFO  o.e.m.c.i.embedder.EclipseLogger - skip non existing resourceDirectory /Users/Ibrahim/bitcoinj-master/examples/src/main/resources
2016-10-22 05:03:19,697 [Worker-73] INFO  o.e.m.c.i.embedder.EclipseLogger - Using 'UTF-8' encoding to copy filtered resources.
2016-10-22 05:03:19,697 [Worker-73] INFO  o.e.m.c.i.embedder.EclipseLogger - skip non existing resourceDirectory /Users/Ibrahim/bitcoinj-master/examples/src/test/resources
2016-10-22 05:07:11,089 [Worker-59] INFO  o.e.m.c.i.embedder.EclipseLogger - Using 'UTF-8' encoding to copy filtered resources.
2016-10-22 05:07:11,089 [Worker-59] INFO  o.e.m.c.i.embedder.EclipseLogger - skip non existing resourceDirectory /Users/Ibrahim/bitcoinj-master/examples/src/main/resources
2016-10-22 05:07:11,090 [Worker-59] INFO  o.e.m.c.i.embedder.EclipseLogger - Using 'UTF-8' encoding to copy filtered resources.
2016-10-22 05:07:11,090 [Worker-59] INFO  o.e.m.c.i.embedder.EclipseLogger - skip non existing resourceDirectory /Users/Ibrahim/bitcoinj-master/examples/src/test/resources
2016-10-22 05:47:16,295 [Worker-59] INFO  o.e.m.c.i.embedder.EclipseLogger - Using 'UTF-8' encoding to copy filtered resources.
2016-10-22 05:47:16,297 [Worker-59] INFO  o.e.m.c.i.embedder.EclipseLogger - skip non existing resourceDirectory /Users/Ibrahim/bitcoinj-master/examples/src/main/resources
2016-10-22 05:47:16,300 [Worker-59] INFO  o.e.m.c.i.embedder.EclipseLogger - Using 'UTF-8' encoding to copy filtered resources.
2016-10-22 05:47:16,300 [Worker-59] INFO  o.e.m.c.i.embedder.EclipseLogger - skip non existing resourceDirectory /Users/Ibrahim/bitcoinj-master/examples/src/test/resources
